
--------------- Transferring files ... ------------------------------

Transferring in binary: C:\Users\fghow\OPAL-RT\RT-LABv2022.1_Workspace\DC_Microgrid_6\models\DC_Microgrid_6\dc_microgrid_6_sm_circuit\OpREDHAWKtarget\Opal*Creator.data (sm_circuit) ... OK.
Transferring in binary: C:\Users\fghow\OPAL-RT\RT-LABv2022.1_Workspace\DC_Microgrid_6\models\DC_Microgrid_6\dc_microgrid_6_sm_circuit\OpREDHAWKtarget\settings.json (sm_circuit) ... OK.

--------------- Done transferring files -----------------------------


Executing script /usr/opalrt/v2022.1.0.405/common/python/rtlab/global/target_preload.py ... done
Executing script /usr/opalrt/v2022.1.0.405/common/python/rtlab/global/target_subsys_preload.py ... done
          model dc_microgrid_6_1_sm_circuit assigned to logical cpu 1
          Model 'dc_microgrid_6_1_sm_circuit' compiled in RELEASE mode.
          16 CPUs active on this Computer
          OS version: Red Hat 5.2 (2.6.29.6-opalrt-6.2.1)
          libOpalR2021B.a : v2022.1.0.405 (build = undefined)
          Monitoring is enabled
          RECV: connection to host established
          SEND: connection to host established
            >>>> SessionRoot::initialize port 0
           Root initialized: 192.168.10.12:25253/resources/root
          Display of standard output will be disabled
          SubSystem step size = 0.000100 sec. Status updated at every 1 local step.
          XHP mode enabled on this CPU.
          Synchronized with polling  software timer.
          Watchdog ready.
          Real-time SingleTasking mode.
          RT-LAB license ok. Unlimited time license.
          Snapshot taken (opdc_microgrid_6_sm_circuit_0.snap).
           [0]: PAUSE mode, IO set to pause value.
          		Total of 0 Overrun detected.
          		Wed Feb  8 11:22:50 2023

          XHP mode enabled
           [1]: RUN mode, IO set to run value.
          		Synchronized step size = 100 us.
          		Wed Feb  8 11:22:50 2023

          Main priority set to 99
Starting transfer of /home/fritz-xps/c/users/fghow/opal-rt/rt-labv2022.1_workspace/dc_microgrid_6/models/dc_microgrid_6/dc_microgrid_6_sm_circuit/opdc_microgrid_6_sm_circuit_0.snap...
Transfer of /home/fritz-xps/c/users/fghow/opal-rt/rt-labv2022.1_workspace/dc_microgrid_6/models/dc_microgrid_6/dc_microgrid_6_sm_circuit/opdc_microgrid_6_sm_circuit_0.snap OK
          XHP mode disabled
           [143218]: Reset
          		Total of 0 Overrun detected.
          		Wed Feb  8 11:23:04 2023

          Reset done
Executing script /usr/opalrt/v2022.1.0.405/common/python/rtlab/global/target_postreset.py ... done
Executing script /usr/opalrt/v2022.1.0.405/common/python/rtlab/global/target_subsys_postreset.py ... done


--------------- Retrieving files ... ---------------------------------

Setting local directory to C:\Users\fghow\OPAL-RT\RT-LABv2022.1_Workspace\DC_Microgrid_6\models\DC_Microgrid_6\dc_microgrid_6_sm_circuit\OpREDHAWKtarget\... OK.
Transferring in ascii mode /home/fritz-xps/c/users/fghow/opal-rt/rt-labv2022.1_workspace/dc_microgrid_6/models/dc_microgrid_6/dc_microgrid_6_sm_circuit/dc_microgrid_6_1_sm_circuit_038_112248.log ... OK.
Transferring in ascii mode /home/fritz-xps/c/users/fghow/opal-rt/rt-labv2022.1_workspace/dc_microgrid_6/models/dc_microgrid_6/target_report.xml ... OK.

--------------- Done retrieving files --------------------------------
