
-------------------- Starting compilation --------------------
Start at : Monday, January 09, 2023, 14:32:53

The current RT-LAB version is:  v2022.1.0.405
The current model is:           C:\Users\fghow\OPAL-RT\RT-LABv2022.1_Workspace\DC_Microgrid_6\models\ssc_bridge_rectifier\ssc_bridge_rectifier_rt.slx
The current host platform is:   Windows
The current target platform is: OPAL-RT Linux (x86-based)
The current compiler is:        Automatic
The target OS version is:       Red Hat 5.2 (2.6.29.6-opalrt-6.2.1)
Separating model because it has never been built
Preparing original model for code separation and generation...
Matlab version v9.11 (64 Bit) is different from model version v8.6
The current Matlab version is:  v9.11 (64 Bit) (R2021B)


Executing command before opening model : opal_internal_separate_nobreaklinks=1;...

RtlabInfo not loaded
Separating RT-LAB model (number of RT subsystems = 1, console detected).
Separating RT-LAB subsystem 'sm_circuit'.
WARNING: RT-LAB will not break the links towards library blocks. Real-time behavior may be different from offline behavior in Simulink.
WARNING: RT-LAB will not break the links towards library blocks. Real-time behavior may be different from offline behavior in Simulink.
Separating RT-LAB subsystem 'sc_display'.
WARNING: RT-LAB will not break the links towards library blocks. Real-time behavior may be different from offline behavior in Simulink.
WARNING: RT-LAB will not break the links towards library blocks. Real-time behavior may be different from offline behavior in Simulink.
A monitoring block (OpMonitor) has been found. The monitoring will be enabled.
Model preparation and separation duration : 00h:00m:35s
-------------------- Completed successfully --------------------

Generating model because setting 'platform' has changed.

-------------------- Generating C code --------------------

Using System Target File (TLC file) : rtlab_rtmodel.tlc...

Using Template Makefile (TMF file) : rtlab_rtmodel.tmf...

-------------------- Generating ssc_bridge_rectifier_1_sm_circuit C code --------------------
Calling RTW Make Command make_rtw...
### Starting build procedure for: ssc_bridge_rectifier_1_sm_circuit
### Generating code and artifacts to 'Model specific' folder structure
### Generating code into build folder: C:\Users\fghow\OPAL-RT\RT-LABv2022.1_Workspace\DC_Microgrid_6\models\ssc_bridge_rectifier\ssc_bridge_rectifier_1_sm_circuit_rtlab

### Invoking Target Language Compiler on ssc_bridge_rectifier_1_sm_circuit.rtw
### Using System Target File: C:\OPAL-RT\RT-LAB\2022.1\Simulink\rtw\c\common\rtlab_rtmodel.tlc
        ### Loading TLC function libraries
.......
### Initial pass through model to cache user defined code
...
### Caching model source code
...............................................................................
...............
### Writing header file ssc_bridge_rectifier_1_sm_circuit_types.h
### Writing header file ssc_bridge_rectifier_1_sm_circuit.h
### Writing header file rtwtypes.h
### Writing header file builtin_typeid_types.h
### Writing header file multiword_types.h
.
### Writing header file zero_crossing_types.h
### Writing source file ssc_bridge_rectifier_1_sm_circuit.c
### Writing header file ssc_bridge_rectifier_1_sm_circuit_private.h
### Writing header file rtmodel.h
### Writing source file ssc_bridge_rectifier_1_sm_circuit_data.c
### Writing header file rt_nonfinite.h
.
### Writing source file rt_nonfinite.c
### Writing header file rt_defines.h
### Writing header file rtGetInf.h
### Writing source file rtGetInf.c
### Writing header file rtGetNaN.h
### Writing source file rtGetNaN.c
### TLC code generation complete.
.
Version 9.6 (R2021b) 14-May-2021
### Creating model mapping file ssc_bridge_rectifier_1_sm_circuit.map using opal_map_file.tlc
......................### Saving binary information cache.
.
### Processing Template Makefile: C:\OPAL-RT\RT-LAB\2022.1\Simulink\rtw\c\common\rtlab_rtmodel.tmf
[Warning: Found legacy make variables |>SHARED_SRC<|, |>SHARED_SRC_DIR<| in the template
makefile C:\OPAL-RT\RT-LAB\2022.1\Simulink\rtw\c\common\rtlab_rtmodel.tmf. The variables are no
longer required. You can remove the variables.] 
### Created makefile C:\Users\fghow\OPAL-RT\RT-LABv2022.1_Workspace\DC_Microgrid_6\models\ssc_bridge_rectifier\ssc_bridge_rectifier_1_sm_circuit_rtlab\ssc_bridge_rectifier_1_sm_circuit.mk
### Successful completion of code generation for: ssc_bridge_rectifier_1_sm_circuit
### Simulink cache artifacts for 'ssc_bridge_rectifier_1_sm_circuit' were created in 'C:\Users\fghow\OPAL-RT\RT-LABv2022.1_Workspace\DC_Microgrid_6\models\ssc_bridge_rectifier\ssc_bridge_rectifier_1_sm_circuit.slxc'.

Build Summary

Top model targets built:

Model                              Action          Rebuild Reason                                    
=====================================================================================================
ssc_bridge_rectifier_1_sm_circuit  Code generated  Code generation information file does not exist.  

1 of 1 models built (0 models already up to date)
Build duration: 0h 0m 12.639s


ssc_bridge_rectifier_1_sm_circuit : Generating C code duration : 00h:00m:17s
Generating C code total duration : 00h:00m:17s

-------------------- Completed successfully --------------------

-------------------- Creating the parameter database --------------------
Parameter(s) with more than 1000 values will be disabled. 
Use PARAM_VECTOR_SIZE_LIMIT environment variable to modify this limit.
Parameter database creation duration: 00h:00m:00s
-------------------- Parameter database created successfully --------------------

-------------------- Creating the signals database --------------------
Signal(s) with more than 1000 values will be disabled.
Use SIGNALS_VECTOR_SIZE_LIMIT environment variable to modify this limit.

Signal database creation duration: 00h:00m:00s
-------------------- Signal database created successfully --------------------
Generating simulation data...
Data generated in 00h:00m:00s

Closing Matlab... OK.
Creating DataLoggers...
 - sm_circuit... OK
Updating dependencies... OK.
Compiling model because setting 'platform' has changed.

-------------------- Validating sources files --------------------------

-------------------- Done validating source files ----------------------



-------------------- Transferring the generated C code --------------------

Connecting to 192.168.10.12 ... OK.
Transferring in ascii mode C:\OPAL-RT\RT-LAB\2022.1\Simulink/rtw/c/common/linux32.opt ... OK.
Transferring in ascii mode C:\OPAL-RT\RT-LAB\2022.1\Simulink/rtw/c/common/posix.rules ... OK.
Transferring in ascii: C:\Users\fghow\OPAL-RT\RT-LABv2022.1_Workspace\DC_Microgrid_6\models\ssc_bridge_rectifier\ssc_bridge_rectifier_rt_sm_circuit\OpREDHAWKtarget\settings.json (sm_circuit) ... OK.
Transferring in ascii: C:\Users\fghow\OPAL-RT\RT-LABv2022.1_Workspace\DC_Microgrid_6\models\ssc_bridge_rectifier\ssc_bridge_rectifier_rt_sm_circuit\OpREDHAWKtarget\ssc_bridge_rectifier_1_sm_circuit*.c (sm_circuit) ... OK.
Transferring in ascii: C:\Users\fghow\OPAL-RT\RT-LABv2022.1_Workspace\DC_Microgrid_6\models\ssc_bridge_rectifier\ssc_bridge_rectifier_rt_sm_circuit\OpREDHAWKtarget\ssc_bridge_rectifier_1_sm_circuit*.h (sm_circuit) ... OK.
Transferring in ascii: C:\Users\fghow\OPAL-RT\RT-LABv2022.1_Workspace\DC_Microgrid_6\models\ssc_bridge_rectifier\ssc_bridge_rectifier_rt_sm_circuit\OpREDHAWKtarget\rtGet*.h (sm_circuit) ... OK.
Transferring in ascii: C:\Users\fghow\OPAL-RT\RT-LABv2022.1_Workspace\DC_Microgrid_6\models\ssc_bridge_rectifier\ssc_bridge_rectifier_rt_sm_circuit\OpREDHAWKtarget\rtGet*.c (sm_circuit) ... OK.
Transferring in ascii: C:\Users\fghow\OPAL-RT\RT-LABv2022.1_Workspace\DC_Microgrid_6\models\ssc_bridge_rectifier\ssc_bridge_rectifier_rt_sm_circuit\OpREDHAWKtarget\ssc_bridge_rectifier_1_sm_circuit.mk (sm_circuit) ... OK.
Transferring in ascii: C:\Users\fghow\OPAL-RT\RT-LABv2022.1_Workspace\DC_Microgrid_6\models\ssc_bridge_rectifier\ssc_bridge_rectifier_rt_sm_circuit\OpREDHAWKtarget\rt_*.c (sm_circuit) ... OK.
Transferring in ascii: C:\Users\fghow\OPAL-RT\RT-LABv2022.1_Workspace\DC_Microgrid_6\models\ssc_bridge_rectifier\ssc_bridge_rectifier_rt_sm_circuit\OpREDHAWKtarget\rt_*.h (sm_circuit) ... OK.
Transferring in ascii: C:\Users\fghow\OPAL-RT\RT-LABv2022.1_Workspace\DC_Microgrid_6\models\ssc_bridge_rectifier\ssc_bridge_rectifier_rt_sm_circuit\OpREDHAWKtarget\zero_crossing_types*.h (sm_circuit) ... OK.
Transferring in ascii: C:\Users\fghow\OPAL-RT\RT-LABv2022.1_Workspace\DC_Microgrid_6\models\ssc_bridge_rectifier\ssc_bridge_rectifier_rt_sm_circuit\OpREDHAWKtarget\builtin_typeid_types*.h (sm_circuit) ... OK.
Transferring in ascii: C:\Users\fghow\OPAL-RT\RT-LABv2022.1_Workspace\DC_Microgrid_6\models\ssc_bridge_rectifier\ssc_bridge_rectifier_rt_sm_circuit\OpREDHAWKtarget\multiword_types*.h (sm_circuit) ... OK.
Transferring in ascii: C:\Users\fghow\OPAL-RT\RT-LABv2022.1_Workspace\DC_Microgrid_6\models\ssc_bridge_rectifier\ssc_bridge_rectifier_rt_sm_circuit\OpREDHAWKtarget\rtwtypes.h (sm_circuit) ... OK.
Transferring in ascii: C:\Users\fghow\OPAL-RT\RT-LABv2022.1_Workspace\DC_Microgrid_6\models\ssc_bridge_rectifier\ssc_bridge_rectifier_rt_sm_circuit\OpREDHAWKtarget\rtmodel.h (sm_circuit) ... OK.
Transferring in ascii: C:\Users\fghow\OPAL-RT\RT-LABv2022.1_Workspace\DC_Microgrid_6\models\ssc_bridge_rectifier\ssc_bridge_rectifier_rt_sm_circuit\OpREDHAWKtarget\drive_ssc_bridge_rectifier_1_sm_circuit*.c (sm_circuit) ... OK.
Transferring in ascii: C:\Users\fghow\OPAL-RT\RT-LABv2022.1_Workspace\DC_Microgrid_6\models\ssc_bridge_rectifier\ssc_bridge_rectifier_rt_sm_circuit\OpREDHAWKtarget\drive_ssc_bridge_rectifier_1_sm_circuit*.h (sm_circuit) ... OK.
Transferring in ascii: C:\Users\fghow\OPAL-RT\RT-LABv2022.1_Workspace\DC_Microgrid_6\models\ssc_bridge_rectifier\ssc_bridge_rectifier_rt_sm_circuit\OpREDHAWKtarget\Opal*.c (sm_circuit) ... OK.
Transferring in ascii: C:\Users\fghow\OPAL-RT\RT-LABv2022.1_Workspace\DC_Microgrid_6\models\ssc_bridge_rectifier\ssc_bridge_rectifier_rt_sm_circuit\OpREDHAWKtarget\ssc_ml_fun*.h (sm_circuit) ... OK.
Transferring in ascii: C:\Users\fghow\OPAL-RT\RT-LABv2022.1_Workspace\DC_Microgrid_6\models\ssc_bridge_rectifier\ssc_bridge_rectifier_rt_sm_circuit\slprj\rtlab_rtmodel\_sharedutils\*.c (sm_circuit) ... OK.
Transferring in ascii: C:\Users\fghow\OPAL-RT\RT-LABv2022.1_Workspace\DC_Microgrid_6\models\ssc_bridge_rectifier\ssc_bridge_rectifier_rt_sm_circuit\slprj\rtlab_rtmodel\_sharedutils\*.h (sm_circuit) ... OK.
Transferring in ascii: C:\Users\fghow\OPAL-RT\RT-LABv2022.1_Workspace\DC_Microgrid_6\models\ssc_bridge_rectifier\ssc_bridge_rectifier_rt_sm_circuit\slprj\rtlab_rtmodel\_sharedutils\*.mk (sm_circuit) ... OK.

Transferring common RT-LAB files:
Transferring in ascii: C:\OPAL-RT\RT-LAB\2022.1\Simulink\rtw\c\common\model_main.c (sm_circuit) ... OK.

Transferring user extra files:

File transfer duration : 00h:00m:01s
-------------------- Completed successfully --------------------

-------------------- Building the generated C code --------------------

Executing script /usr/opalrt/v2022.1.0.405/common/python/rtlab/global/target_precompile.py ... done
Removing relative includes from ./../ssc_bridge_rectifier_rt_sm_circuit/model_main.c ...
Done
Executing script /usr/opalrt/v2022.1.0.405/common/python/rtlab/global/target_subsys_precompile.py ... done

-------------------- Building ssc_bridge_rectifier_1_sm_circuit --------------------

rm -f ssc_bridge_rectifier_1_sm_circuit
opicc -c  -O2 -xHost -falign-functions=2 -diag-disable remark,warn,cpu-dispatch    -DUSE_RTMODEL -DMODEL=ssc_bridge_rectifier_1_sm_circuit -DRT=RT -DNUMST=2 -DTID01EQ=1 -DNCSTATES=1 -DMT=0 -DTERMFCN=1 -DMULTITASKING=0 -D_SIMULINK -DRTLAB -DOP_MATLABR2021B	 -DMAT_FILE=1 -DCLASSIC_INTERFACE=1 -DONESTEPFCN=0 -DMULTI_INSTANCE_CODE=0 -DUNIX -I/usr/opalrt/externals/include   -I. -I/usr/matlab/v9.11/simulink/include -I/usr/matlab/v9.11/extern/include -I/usr/matlab/v9.11/rtw/c/src -I/usr/matlab/v9.11/rtw/c/src/matrixmath  -I/usr/matlab/v9.11/toolbox/simscape/include/drive -I/usr/matlab/v9.11/toolbox/simscape/include/mech -I/usr/matlab/v9.11/toolbox/simscape/include/foundation -I/usr/matlab/v9.11/toolbox/simscape/include/math -I/usr/matlab/v9.11/toolbox/simscape/include/lang -I/usr/matlab/v9.11/toolbox/simscape/include/external -I/usr/matlab/v9.11/toolbox/simscape/include/network_engine -I/usr/matlab/v9.11/toolbox/simscape/include/ne_sli -I/usr/matlab/v9.11/toolbox/dspblks/include -I/usr/matlab/v9.11/toolbox/simscape/include/compiler/core/c -I/usr/matlab/v9.11/toolbox/simscape/include/engine/sli/c -I/usr/matlab/v9.11/toolbox/simscape/include/engine/core/c -I/usr/matlab/v9.11/toolbox/simscape/include/utils -I/usr/matlab/v9.11/toolbox/simscape/include/pm_math -I/usr/opalrt/v2022.1.0.405/common/include -I/usr/opalrt/v2022.1.0.405/common/include_target -I/usr/opalrt/v2022.1.0.405/RT-LAB/include   -Ireferenced_model_includes -I_sharedutils  model_main.c
opicc -c  -O2 -xHost -falign-functions=2 -diag-disable remark,warn,cpu-dispatch    -DUSE_RTMODEL -DMODEL=ssc_bridge_rectifier_1_sm_circuit -DRT=RT -DNUMST=2 -DTID01EQ=1 -DNCSTATES=1 -DMT=0 -DTERMFCN=1 -DMULTITASKING=0 -D_SIMULINK -DRTLAB -DOP_MATLABR2021B	 -DMAT_FILE=1 -DCLASSIC_INTERFACE=1 -DONESTEPFCN=0 -DMULTI_INSTANCE_CODE=0 -DUNIX -I/usr/opalrt/externals/include   -I. -I/usr/matlab/v9.11/simulink/include -I/usr/matlab/v9.11/extern/include -I/usr/matlab/v9.11/rtw/c/src -I/usr/matlab/v9.11/rtw/c/src/matrixmath  -I/usr/matlab/v9.11/toolbox/simscape/include/drive -I/usr/matlab/v9.11/toolbox/simscape/include/mech -I/usr/matlab/v9.11/toolbox/simscape/include/foundation -I/usr/matlab/v9.11/toolbox/simscape/include/math -I/usr/matlab/v9.11/toolbox/simscape/include/lang -I/usr/matlab/v9.11/toolbox/simscape/include/external -I/usr/matlab/v9.11/toolbox/simscape/include/network_engine -I/usr/matlab/v9.11/toolbox/simscape/include/ne_sli -I/usr/matlab/v9.11/toolbox/dspblks/include -I/usr/matlab/v9.11/toolbox/simscape/include/compiler/core/c -I/usr/matlab/v9.11/toolbox/simscape/include/engine/sli/c -I/usr/matlab/v9.11/toolbox/simscape/include/engine/core/c -I/usr/matlab/v9.11/toolbox/simscape/include/utils -I/usr/matlab/v9.11/toolbox/simscape/include/pm_math -I/usr/opalrt/v2022.1.0.405/common/include -I/usr/opalrt/v2022.1.0.405/common/include_target -I/usr/opalrt/v2022.1.0.405/RT-LAB/include   -Ireferenced_model_includes -I_sharedutils  rtGetInf.c
opicc -c  -O2 -xHost -falign-functions=2 -diag-disable remark,warn,cpu-dispatch    -DUSE_RTMODEL -DMODEL=ssc_bridge_rectifier_1_sm_circuit -DRT=RT -DNUMST=2 -DTID01EQ=1 -DNCSTATES=1 -DMT=0 -DTERMFCN=1 -DMULTITASKING=0 -D_SIMULINK -DRTLAB -DOP_MATLABR2021B	 -DMAT_FILE=1 -DCLASSIC_INTERFACE=1 -DONESTEPFCN=0 -DMULTI_INSTANCE_CODE=0 -DUNIX -I/usr/opalrt/externals/include   -I. -I/usr/matlab/v9.11/simulink/include -I/usr/matlab/v9.11/extern/include -I/usr/matlab/v9.11/rtw/c/src -I/usr/matlab/v9.11/rtw/c/src/matrixmath  -I/usr/matlab/v9.11/toolbox/simscape/include/drive -I/usr/matlab/v9.11/toolbox/simscape/include/mech -I/usr/matlab/v9.11/toolbox/simscape/include/foundation -I/usr/matlab/v9.11/toolbox/simscape/include/math -I/usr/matlab/v9.11/toolbox/simscape/include/lang -I/usr/matlab/v9.11/toolbox/simscape/include/external -I/usr/matlab/v9.11/toolbox/simscape/include/network_engine -I/usr/matlab/v9.11/toolbox/simscape/include/ne_sli -I/usr/matlab/v9.11/toolbox/dspblks/include -I/usr/matlab/v9.11/toolbox/simscape/include/compiler/core/c -I/usr/matlab/v9.11/toolbox/simscape/include/engine/sli/c -I/usr/matlab/v9.11/toolbox/simscape/include/engine/core/c -I/usr/matlab/v9.11/toolbox/simscape/include/utils -I/usr/matlab/v9.11/toolbox/simscape/include/pm_math -I/usr/opalrt/v2022.1.0.405/common/include -I/usr/opalrt/v2022.1.0.405/common/include_target -I/usr/opalrt/v2022.1.0.405/RT-LAB/include   -Ireferenced_model_includes -I_sharedutils  rtGetNaN.c
opicc -c  -O2 -xHost -falign-functions=2 -diag-disable remark,warn,cpu-dispatch    -DUSE_RTMODEL -DMODEL=ssc_bridge_rectifier_1_sm_circuit -DRT=RT -DNUMST=2 -DTID01EQ=1 -DNCSTATES=1 -DMT=0 -DTERMFCN=1 -DMULTITASKING=0 -D_SIMULINK -DRTLAB -DOP_MATLABR2021B	 -DMAT_FILE=1 -DCLASSIC_INTERFACE=1 -DONESTEPFCN=0 -DMULTI_INSTANCE_CODE=0 -DUNIX -I/usr/opalrt/externals/include   -I. -I/usr/matlab/v9.11/simulink/include -I/usr/matlab/v9.11/extern/include -I/usr/matlab/v9.11/rtw/c/src -I/usr/matlab/v9.11/rtw/c/src/matrixmath  -I/usr/matlab/v9.11/toolbox/simscape/include/drive -I/usr/matlab/v9.11/toolbox/simscape/include/mech -I/usr/matlab/v9.11/toolbox/simscape/include/foundation -I/usr/matlab/v9.11/toolbox/simscape/include/math -I/usr/matlab/v9.11/toolbox/simscape/include/lang -I/usr/matlab/v9.11/toolbox/simscape/include/external -I/usr/matlab/v9.11/toolbox/simscape/include/network_engine -I/usr/matlab/v9.11/toolbox/simscape/include/ne_sli -I/usr/matlab/v9.11/toolbox/dspblks/include -I/usr/matlab/v9.11/toolbox/simscape/include/compiler/core/c -I/usr/matlab/v9.11/toolbox/simscape/include/engine/sli/c -I/usr/matlab/v9.11/toolbox/simscape/include/engine/core/c -I/usr/matlab/v9.11/toolbox/simscape/include/utils -I/usr/matlab/v9.11/toolbox/simscape/include/pm_math -I/usr/opalrt/v2022.1.0.405/common/include -I/usr/opalrt/v2022.1.0.405/common/include_target -I/usr/opalrt/v2022.1.0.405/RT-LAB/include   -Ireferenced_model_includes -I_sharedutils  /usr/matlab/v9.11/rtw/c/src/rt_logging.c
opicc -c  -O2 -xHost -falign-functions=2 -diag-disable remark,warn,cpu-dispatch    -DUSE_RTMODEL -DMODEL=ssc_bridge_rectifier_1_sm_circuit -DRT=RT -DNUMST=2 -DTID01EQ=1 -DNCSTATES=1 -DMT=0 -DTERMFCN=1 -DMULTITASKING=0 -D_SIMULINK -DRTLAB -DOP_MATLABR2021B	 -DMAT_FILE=1 -DCLASSIC_INTERFACE=1 -DONESTEPFCN=0 -DMULTI_INSTANCE_CODE=0 -DUNIX -I/usr/opalrt/externals/include   -I. -I/usr/matlab/v9.11/simulink/include -I/usr/matlab/v9.11/extern/include -I/usr/matlab/v9.11/rtw/c/src -I/usr/matlab/v9.11/rtw/c/src/matrixmath  -I/usr/matlab/v9.11/toolbox/simscape/include/drive -I/usr/matlab/v9.11/toolbox/simscape/include/mech -I/usr/matlab/v9.11/toolbox/simscape/include/foundation -I/usr/matlab/v9.11/toolbox/simscape/include/math -I/usr/matlab/v9.11/toolbox/simscape/include/lang -I/usr/matlab/v9.11/toolbox/simscape/include/external -I/usr/matlab/v9.11/toolbox/simscape/include/network_engine -I/usr/matlab/v9.11/toolbox/simscape/include/ne_sli -I/usr/matlab/v9.11/toolbox/dspblks/include -I/usr/matlab/v9.11/toolbox/simscape/include/compiler/core/c -I/usr/matlab/v9.11/toolbox/simscape/include/engine/sli/c -I/usr/matlab/v9.11/toolbox/simscape/include/engine/core/c -I/usr/matlab/v9.11/toolbox/simscape/include/utils -I/usr/matlab/v9.11/toolbox/simscape/include/pm_math -I/usr/opalrt/v2022.1.0.405/common/include -I/usr/opalrt/v2022.1.0.405/common/include_target -I/usr/opalrt/v2022.1.0.405/RT-LAB/include   -Ireferenced_model_includes -I_sharedutils  rt_nonfinite.c
opicc -c  -O2 -xHost -falign-functions=2 -diag-disable remark,warn,cpu-dispatch    -DUSE_RTMODEL -DMODEL=ssc_bridge_rectifier_1_sm_circuit -DRT=RT -DNUMST=2 -DTID01EQ=1 -DNCSTATES=1 -DMT=0 -DTERMFCN=1 -DMULTITASKING=0 -D_SIMULINK -DRTLAB -DOP_MATLABR2021B	 -DMAT_FILE=1 -DCLASSIC_INTERFACE=1 -DONESTEPFCN=0 -DMULTI_INSTANCE_CODE=0 -DUNIX -I/usr/opalrt/externals/include   -I. -I/usr/matlab/v9.11/simulink/include -I/usr/matlab/v9.11/extern/include -I/usr/matlab/v9.11/rtw/c/src -I/usr/matlab/v9.11/rtw/c/src/matrixmath  -I/usr/matlab/v9.11/toolbox/simscape/include/drive -I/usr/matlab/v9.11/toolbox/simscape/include/mech -I/usr/matlab/v9.11/toolbox/simscape/include/foundation -I/usr/matlab/v9.11/toolbox/simscape/include/math -I/usr/matlab/v9.11/toolbox/simscape/include/lang -I/usr/matlab/v9.11/toolbox/simscape/include/external -I/usr/matlab/v9.11/toolbox/simscape/include/network_engine -I/usr/matlab/v9.11/toolbox/simscape/include/ne_sli -I/usr/matlab/v9.11/toolbox/dspblks/include -I/usr/matlab/v9.11/toolbox/simscape/include/compiler/core/c -I/usr/matlab/v9.11/toolbox/simscape/include/engine/sli/c -I/usr/matlab/v9.11/toolbox/simscape/include/engine/core/c -I/usr/matlab/v9.11/toolbox/simscape/include/utils -I/usr/matlab/v9.11/toolbox/simscape/include/pm_math -I/usr/opalrt/v2022.1.0.405/common/include -I/usr/opalrt/v2022.1.0.405/common/include_target -I/usr/opalrt/v2022.1.0.405/RT-LAB/include   -Ireferenced_model_includes -I_sharedutils  /usr/matlab/v9.11/rtw/c/src/rt_printf.c
opicc -c  -O2 -xHost -falign-functions=2 -diag-disable remark,warn,cpu-dispatch    -DUSE_RTMODEL -DMODEL=ssc_bridge_rectifier_1_sm_circuit -DRT=RT -DNUMST=2 -DTID01EQ=1 -DNCSTATES=1 -DMT=0 -DTERMFCN=1 -DMULTITASKING=0 -D_SIMULINK -DRTLAB -DOP_MATLABR2021B	 -DMAT_FILE=1 -DCLASSIC_INTERFACE=1 -DONESTEPFCN=0 -DMULTI_INSTANCE_CODE=0 -DUNIX -I/usr/opalrt/externals/include   -I. -I/usr/matlab/v9.11/simulink/include -I/usr/matlab/v9.11/extern/include -I/usr/matlab/v9.11/rtw/c/src -I/usr/matlab/v9.11/rtw/c/src/matrixmath  -I/usr/matlab/v9.11/toolbox/simscape/include/drive -I/usr/matlab/v9.11/toolbox/simscape/include/mech -I/usr/matlab/v9.11/toolbox/simscape/include/foundation -I/usr/matlab/v9.11/toolbox/simscape/include/math -I/usr/matlab/v9.11/toolbox/simscape/include/lang -I/usr/matlab/v9.11/toolbox/simscape/include/external -I/usr/matlab/v9.11/toolbox/simscape/include/network_engine -I/usr/matlab/v9.11/toolbox/simscape/include/ne_sli -I/usr/matlab/v9.11/toolbox/dspblks/include -I/usr/matlab/v9.11/toolbox/simscape/include/compiler/core/c -I/usr/matlab/v9.11/toolbox/simscape/include/engine/sli/c -I/usr/matlab/v9.11/toolbox/simscape/include/engine/core/c -I/usr/matlab/v9.11/toolbox/simscape/include/utils -I/usr/matlab/v9.11/toolbox/simscape/include/pm_math -I/usr/opalrt/v2022.1.0.405/common/include -I/usr/opalrt/v2022.1.0.405/common/include_target -I/usr/opalrt/v2022.1.0.405/RT-LAB/include   -Ireferenced_model_includes -I_sharedutils  /usr/matlab/v9.11/rtw/c/src/rt_sim.c
opicc -c  -O2 -xHost -falign-functions=2 -diag-disable remark,warn,cpu-dispatch    -DUSE_RTMODEL -DMODEL=ssc_bridge_rectifier_1_sm_circuit -DRT=RT -DNUMST=2 -DTID01EQ=1 -DNCSTATES=1 -DMT=0 -DTERMFCN=1 -DMULTITASKING=0 -D_SIMULINK -DRTLAB -DOP_MATLABR2021B	 -DMAT_FILE=1 -DCLASSIC_INTERFACE=1 -DONESTEPFCN=0 -DMULTI_INSTANCE_CODE=0 -DUNIX -I/usr/opalrt/externals/include   -I. -I/usr/matlab/v9.11/simulink/include -I/usr/matlab/v9.11/extern/include -I/usr/matlab/v9.11/rtw/c/src -I/usr/matlab/v9.11/rtw/c/src/matrixmath  -I/usr/matlab/v9.11/toolbox/simscape/include/drive -I/usr/matlab/v9.11/toolbox/simscape/include/mech -I/usr/matlab/v9.11/toolbox/simscape/include/foundation -I/usr/matlab/v9.11/toolbox/simscape/include/math -I/usr/matlab/v9.11/toolbox/simscape/include/lang -I/usr/matlab/v9.11/toolbox/simscape/include/external -I/usr/matlab/v9.11/toolbox/simscape/include/network_engine -I/usr/matlab/v9.11/toolbox/simscape/include/ne_sli -I/usr/matlab/v9.11/toolbox/dspblks/include -I/usr/matlab/v9.11/toolbox/simscape/include/compiler/core/c -I/usr/matlab/v9.11/toolbox/simscape/include/engine/sli/c -I/usr/matlab/v9.11/toolbox/simscape/include/engine/core/c -I/usr/matlab/v9.11/toolbox/simscape/include/utils -I/usr/matlab/v9.11/toolbox/simscape/include/pm_math -I/usr/opalrt/v2022.1.0.405/common/include -I/usr/opalrt/v2022.1.0.405/common/include_target -I/usr/opalrt/v2022.1.0.405/RT-LAB/include   -Ireferenced_model_includes -I_sharedutils  ssc_bridge_rectifier_1_sm_circuit.c
opicc -c  -O2 -xHost -falign-functions=2 -diag-disable remark,warn,cpu-dispatch    -DUSE_RTMODEL -DMODEL=ssc_bridge_rectifier_1_sm_circuit -DRT=RT -DNUMST=2 -DTID01EQ=1 -DNCSTATES=1 -DMT=0 -DTERMFCN=1 -DMULTITASKING=0 -D_SIMULINK -DRTLAB -DOP_MATLABR2021B	 -DMAT_FILE=1 -DCLASSIC_INTERFACE=1 -DONESTEPFCN=0 -DMULTI_INSTANCE_CODE=0 -DUNIX -I/usr/opalrt/externals/include   -I. -I/usr/matlab/v9.11/simulink/include -I/usr/matlab/v9.11/extern/include -I/usr/matlab/v9.11/rtw/c/src -I/usr/matlab/v9.11/rtw/c/src/matrixmath  -I/usr/matlab/v9.11/toolbox/simscape/include/drive -I/usr/matlab/v9.11/toolbox/simscape/include/mech -I/usr/matlab/v9.11/toolbox/simscape/include/foundation -I/usr/matlab/v9.11/toolbox/simscape/include/math -I/usr/matlab/v9.11/toolbox/simscape/include/lang -I/usr/matlab/v9.11/toolbox/simscape/include/external -I/usr/matlab/v9.11/toolbox/simscape/include/network_engine -I/usr/matlab/v9.11/toolbox/simscape/include/ne_sli -I/usr/matlab/v9.11/toolbox/dspblks/include -I/usr/matlab/v9.11/toolbox/simscape/include/compiler/core/c -I/usr/matlab/v9.11/toolbox/simscape/include/engine/sli/c -I/usr/matlab/v9.11/toolbox/simscape/include/engine/core/c -I/usr/matlab/v9.11/toolbox/simscape/include/utils -I/usr/matlab/v9.11/toolbox/simscape/include/pm_math -I/usr/opalrt/v2022.1.0.405/common/include -I/usr/opalrt/v2022.1.0.405/common/include_target -I/usr/opalrt/v2022.1.0.405/RT-LAB/include   -Ireferenced_model_includes -I_sharedutils  ssc_bridge_rectifier_1_sm_circuit_a2b15696_1.c
opicc -c  -O2 -xHost -falign-functions=2 -diag-disable remark,warn,cpu-dispatch    -DUSE_RTMODEL -DMODEL=ssc_bridge_rectifier_1_sm_circuit -DRT=RT -DNUMST=2 -DTID01EQ=1 -DNCSTATES=1 -DMT=0 -DTERMFCN=1 -DMULTITASKING=0 -D_SIMULINK -DRTLAB -DOP_MATLABR2021B	 -DMAT_FILE=1 -DCLASSIC_INTERFACE=1 -DONESTEPFCN=0 -DMULTI_INSTANCE_CODE=0 -DUNIX -I/usr/opalrt/externals/include   -I. -I/usr/matlab/v9.11/simulink/include -I/usr/matlab/v9.11/extern/include -I/usr/matlab/v9.11/rtw/c/src -I/usr/matlab/v9.11/rtw/c/src/matrixmath  -I/usr/matlab/v9.11/toolbox/simscape/include/drive -I/usr/matlab/v9.11/toolbox/simscape/include/mech -I/usr/matlab/v9.11/toolbox/simscape/include/foundation -I/usr/matlab/v9.11/toolbox/simscape/include/math -I/usr/matlab/v9.11/toolbox/simscape/include/lang -I/usr/matlab/v9.11/toolbox/simscape/include/external -I/usr/matlab/v9.11/toolbox/simscape/include/network_engine -I/usr/matlab/v9.11/toolbox/simscape/include/ne_sli -I/usr/matlab/v9.11/toolbox/dspblks/include -I/usr/matlab/v9.11/toolbox/simscape/include/compiler/core/c -I/usr/matlab/v9.11/toolbox/simscape/include/engine/sli/c -I/usr/matlab/v9.11/toolbox/simscape/include/engine/core/c -I/usr/matlab/v9.11/toolbox/simscape/include/utils -I/usr/matlab/v9.11/toolbox/simscape/include/pm_math -I/usr/opalrt/v2022.1.0.405/common/include -I/usr/opalrt/v2022.1.0.405/common/include_target -I/usr/opalrt/v2022.1.0.405/RT-LAB/include   -Ireferenced_model_includes -I_sharedutils  ssc_bridge_rectifier_1_sm_circuit_a2b15696_1_ds.c
opicc -c  -O2 -xHost -falign-functions=2 -diag-disable remark,warn,cpu-dispatch    -DUSE_RTMODEL -DMODEL=ssc_bridge_rectifier_1_sm_circuit -DRT=RT -DNUMST=2 -DTID01EQ=1 -DNCSTATES=1 -DMT=0 -DTERMFCN=1 -DMULTITASKING=0 -D_SIMULINK -DRTLAB -DOP_MATLABR2021B	 -DMAT_FILE=1 -DCLASSIC_INTERFACE=1 -DONESTEPFCN=0 -DMULTI_INSTANCE_CODE=0 -DUNIX -I/usr/opalrt/externals/include   -I. -I/usr/matlab/v9.11/simulink/include -I/usr/matlab/v9.11/extern/include -I/usr/matlab/v9.11/rtw/c/src -I/usr/matlab/v9.11/rtw/c/src/matrixmath  -I/usr/matlab/v9.11/toolbox/simscape/include/drive -I/usr/matlab/v9.11/toolbox/simscape/include/mech -I/usr/matlab/v9.11/toolbox/simscape/include/foundation -I/usr/matlab/v9.11/toolbox/simscape/include/math -I/usr/matlab/v9.11/toolbox/simscape/include/lang -I/usr/matlab/v9.11/toolbox/simscape/include/external -I/usr/matlab/v9.11/toolbox/simscape/include/network_engine -I/usr/matlab/v9.11/toolbox/simscape/include/ne_sli -I/usr/matlab/v9.11/toolbox/dspblks/include -I/usr/matlab/v9.11/toolbox/simscape/include/compiler/core/c -I/usr/matlab/v9.11/toolbox/simscape/include/engine/sli/c -I/usr/matlab/v9.11/toolbox/simscape/include/engine/core/c -I/usr/matlab/v9.11/toolbox/simscape/include/utils -I/usr/matlab/v9.11/toolbox/simscape/include/pm_math -I/usr/opalrt/v2022.1.0.405/common/include -I/usr/opalrt/v2022.1.0.405/common/include_target -I/usr/opalrt/v2022.1.0.405/RT-LAB/include   -Ireferenced_model_includes -I_sharedutils  ssc_bridge_rectifier_1_sm_circuit_a2b15696_1_ds_dxf.c
opicc -c  -O2 -xHost -falign-functions=2 -diag-disable remark,warn,cpu-dispatch    -DUSE_RTMODEL -DMODEL=ssc_bridge_rectifier_1_sm_circuit -DRT=RT -DNUMST=2 -DTID01EQ=1 -DNCSTATES=1 -DMT=0 -DTERMFCN=1 -DMULTITASKING=0 -D_SIMULINK -DRTLAB -DOP_MATLABR2021B	 -DMAT_FILE=1 -DCLASSIC_INTERFACE=1 -DONESTEPFCN=0 -DMULTI_INSTANCE_CODE=0 -DUNIX -I/usr/opalrt/externals/include   -I. -I/usr/matlab/v9.11/simulink/include -I/usr/matlab/v9.11/extern/include -I/usr/matlab/v9.11/rtw/c/src -I/usr/matlab/v9.11/rtw/c/src/matrixmath  -I/usr/matlab/v9.11/toolbox/simscape/include/drive -I/usr/matlab/v9.11/toolbox/simscape/include/mech -I/usr/matlab/v9.11/toolbox/simscape/include/foundation -I/usr/matlab/v9.11/toolbox/simscape/include/math -I/usr/matlab/v9.11/toolbox/simscape/include/lang -I/usr/matlab/v9.11/toolbox/simscape/include/external -I/usr/matlab/v9.11/toolbox/simscape/include/network_engine -I/usr/matlab/v9.11/toolbox/simscape/include/ne_sli -I/usr/matlab/v9.11/toolbox/dspblks/include -I/usr/matlab/v9.11/toolbox/simscape/include/compiler/core/c -I/usr/matlab/v9.11/toolbox/simscape/include/engine/sli/c -I/usr/matlab/v9.11/toolbox/simscape/include/engine/core/c -I/usr/matlab/v9.11/toolbox/simscape/include/utils -I/usr/matlab/v9.11/toolbox/simscape/include/pm_math -I/usr/opalrt/v2022.1.0.405/common/include -I/usr/opalrt/v2022.1.0.405/common/include_target -I/usr/opalrt/v2022.1.0.405/RT-LAB/include   -Ireferenced_model_includes -I_sharedutils  ssc_bridge_rectifier_1_sm_circuit_a2b15696_1_ds_f.c
opicc -c  -O2 -xHost -falign-functions=2 -diag-disable remark,warn,cpu-dispatch    -DUSE_RTMODEL -DMODEL=ssc_bridge_rectifier_1_sm_circuit -DRT=RT -DNUMST=2 -DTID01EQ=1 -DNCSTATES=1 -DMT=0 -DTERMFCN=1 -DMULTITASKING=0 -D_SIMULINK -DRTLAB -DOP_MATLABR2021B	 -DMAT_FILE=1 -DCLASSIC_INTERFACE=1 -DONESTEPFCN=0 -DMULTI_INSTANCE_CODE=0 -DUNIX -I/usr/opalrt/externals/include   -I. -I/usr/matlab/v9.11/simulink/include -I/usr/matlab/v9.11/extern/include -I/usr/matlab/v9.11/rtw/c/src -I/usr/matlab/v9.11/rtw/c/src/matrixmath  -I/usr/matlab/v9.11/toolbox/simscape/include/drive -I/usr/matlab/v9.11/toolbox/simscape/include/mech -I/usr/matlab/v9.11/toolbox/simscape/include/foundation -I/usr/matlab/v9.11/toolbox/simscape/include/math -I/usr/matlab/v9.11/toolbox/simscape/include/lang -I/usr/matlab/v9.11/toolbox/simscape/include/external -I/usr/matlab/v9.11/toolbox/simscape/include/network_engine -I/usr/matlab/v9.11/toolbox/simscape/include/ne_sli -I/usr/matlab/v9.11/toolbox/dspblks/include -I/usr/matlab/v9.11/toolbox/simscape/include/compiler/core/c -I/usr/matlab/v9.11/toolbox/simscape/include/engine/sli/c -I/usr/matlab/v9.11/toolbox/simscape/include/engine/core/c -I/usr/matlab/v9.11/toolbox/simscape/include/utils -I/usr/matlab/v9.11/toolbox/simscape/include/pm_math -I/usr/opalrt/v2022.1.0.405/common/include -I/usr/opalrt/v2022.1.0.405/common/include_target -I/usr/opalrt/v2022.1.0.405/RT-LAB/include   -Ireferenced_model_includes -I_sharedutils  ssc_bridge_rectifier_1_sm_circuit_a2b15696_1_ds_log.c
opicc -c  -O2 -xHost -falign-functions=2 -diag-disable remark,warn,cpu-dispatch    -DUSE_RTMODEL -DMODEL=ssc_bridge_rectifier_1_sm_circuit -DRT=RT -DNUMST=2 -DTID01EQ=1 -DNCSTATES=1 -DMT=0 -DTERMFCN=1 -DMULTITASKING=0 -D_SIMULINK -DRTLAB -DOP_MATLABR2021B	 -DMAT_FILE=1 -DCLASSIC_INTERFACE=1 -DONESTEPFCN=0 -DMULTI_INSTANCE_CODE=0 -DUNIX -I/usr/opalrt/externals/include   -I. -I/usr/matlab/v9.11/simulink/include -I/usr/matlab/v9.11/extern/include -I/usr/matlab/v9.11/rtw/c/src -I/usr/matlab/v9.11/rtw/c/src/matrixmath  -I/usr/matlab/v9.11/toolbox/simscape/include/drive -I/usr/matlab/v9.11/toolbox/simscape/include/mech -I/usr/matlab/v9.11/toolbox/simscape/include/foundation -I/usr/matlab/v9.11/toolbox/simscape/include/math -I/usr/matlab/v9.11/toolbox/simscape/include/lang -I/usr/matlab/v9.11/toolbox/simscape/include/external -I/usr/matlab/v9.11/toolbox/simscape/include/network_engine -I/usr/matlab/v9.11/toolbox/simscape/include/ne_sli -I/usr/matlab/v9.11/toolbox/dspblks/include -I/usr/matlab/v9.11/toolbox/simscape/include/compiler/core/c -I/usr/matlab/v9.11/toolbox/simscape/include/engine/sli/c -I/usr/matlab/v9.11/toolbox/simscape/include/engine/core/c -I/usr/matlab/v9.11/toolbox/simscape/include/utils -I/usr/matlab/v9.11/toolbox/simscape/include/pm_math -I/usr/opalrt/v2022.1.0.405/common/include -I/usr/opalrt/v2022.1.0.405/common/include_target -I/usr/opalrt/v2022.1.0.405/RT-LAB/include   -Ireferenced_model_includes -I_sharedutils  ssc_bridge_rectifier_1_sm_circuit_a2b15696_1_ds_obs_act.c
opicc -c  -O2 -xHost -falign-functions=2 -diag-disable remark,warn,cpu-dispatch    -DUSE_RTMODEL -DMODEL=ssc_bridge_rectifier_1_sm_circuit -DRT=RT -DNUMST=2 -DTID01EQ=1 -DNCSTATES=1 -DMT=0 -DTERMFCN=1 -DMULTITASKING=0 -D_SIMULINK -DRTLAB -DOP_MATLABR2021B	 -DMAT_FILE=1 -DCLASSIC_INTERFACE=1 -DONESTEPFCN=0 -DMULTI_INSTANCE_CODE=0 -DUNIX -I/usr/opalrt/externals/include   -I. -I/usr/matlab/v9.11/simulink/include -I/usr/matlab/v9.11/extern/include -I/usr/matlab/v9.11/rtw/c/src -I/usr/matlab/v9.11/rtw/c/src/matrixmath  -I/usr/matlab/v9.11/toolbox/simscape/include/drive -I/usr/matlab/v9.11/toolbox/simscape/include/mech -I/usr/matlab/v9.11/toolbox/simscape/include/foundation -I/usr/matlab/v9.11/toolbox/simscape/include/math -I/usr/matlab/v9.11/toolbox/simscape/include/lang -I/usr/matlab/v9.11/toolbox/simscape/include/external -I/usr/matlab/v9.11/toolbox/simscape/include/network_engine -I/usr/matlab/v9.11/toolbox/simscape/include/ne_sli -I/usr/matlab/v9.11/toolbox/dspblks/include -I/usr/matlab/v9.11/toolbox/simscape/include/compiler/core/c -I/usr/matlab/v9.11/toolbox/simscape/include/engine/sli/c -I/usr/matlab/v9.11/toolbox/simscape/include/engine/core/c -I/usr/matlab/v9.11/toolbox/simscape/include/utils -I/usr/matlab/v9.11/toolbox/simscape/include/pm_math -I/usr/opalrt/v2022.1.0.405/common/include -I/usr/opalrt/v2022.1.0.405/common/include_target -I/usr/opalrt/v2022.1.0.405/RT-LAB/include   -Ireferenced_model_includes -I_sharedutils  ssc_bridge_rectifier_1_sm_circuit_a2b15696_1_ds_obs_all.c
opicc -c  -O2 -xHost -falign-functions=2 -diag-disable remark,warn,cpu-dispatch    -DUSE_RTMODEL -DMODEL=ssc_bridge_rectifier_1_sm_circuit -DRT=RT -DNUMST=2 -DTID01EQ=1 -DNCSTATES=1 -DMT=0 -DTERMFCN=1 -DMULTITASKING=0 -D_SIMULINK -DRTLAB -DOP_MATLABR2021B	 -DMAT_FILE=1 -DCLASSIC_INTERFACE=1 -DONESTEPFCN=0 -DMULTI_INSTANCE_CODE=0 -DUNIX -I/usr/opalrt/externals/include   -I. -I/usr/matlab/v9.11/simulink/include -I/usr/matlab/v9.11/extern/include -I/usr/matlab/v9.11/rtw/c/src -I/usr/matlab/v9.11/rtw/c/src/matrixmath  -I/usr/matlab/v9.11/toolbox/simscape/include/drive -I/usr/matlab/v9.11/toolbox/simscape/include/mech -I/usr/matlab/v9.11/toolbox/simscape/include/foundation -I/usr/matlab/v9.11/toolbox/simscape/include/math -I/usr/matlab/v9.11/toolbox/simscape/include/lang -I/usr/matlab/v9.11/toolbox/simscape/include/external -I/usr/matlab/v9.11/toolbox/simscape/include/network_engine -I/usr/matlab/v9.11/toolbox/simscape/include/ne_sli -I/usr/matlab/v9.11/toolbox/dspblks/include -I/usr/matlab/v9.11/toolbox/simscape/include/compiler/core/c -I/usr/matlab/v9.11/toolbox/simscape/include/engine/sli/c -I/usr/matlab/v9.11/toolbox/simscape/include/engine/core/c -I/usr/matlab/v9.11/toolbox/simscape/include/utils -I/usr/matlab/v9.11/toolbox/simscape/include/pm_math -I/usr/opalrt/v2022.1.0.405/common/include -I/usr/opalrt/v2022.1.0.405/common/include_target -I/usr/opalrt/v2022.1.0.405/RT-LAB/include   -Ireferenced_model_includes -I_sharedutils  ssc_bridge_rectifier_1_sm_circuit_a2b15696_1_ds_obs_exp.c
opicc -c  -O2 -xHost -falign-functions=2 -diag-disable remark,warn,cpu-dispatch    -DUSE_RTMODEL -DMODEL=ssc_bridge_rectifier_1_sm_circuit -DRT=RT -DNUMST=2 -DTID01EQ=1 -DNCSTATES=1 -DMT=0 -DTERMFCN=1 -DMULTITASKING=0 -D_SIMULINK -DRTLAB -DOP_MATLABR2021B	 -DMAT_FILE=1 -DCLASSIC_INTERFACE=1 -DONESTEPFCN=0 -DMULTI_INSTANCE_CODE=0 -DUNIX -I/usr/opalrt/externals/include   -I. -I/usr/matlab/v9.11/simulink/include -I/usr/matlab/v9.11/extern/include -I/usr/matlab/v9.11/rtw/c/src -I/usr/matlab/v9.11/rtw/c/src/matrixmath  -I/usr/matlab/v9.11/toolbox/simscape/include/drive -I/usr/matlab/v9.11/toolbox/simscape/include/mech -I/usr/matlab/v9.11/toolbox/simscape/include/foundation -I/usr/matlab/v9.11/toolbox/simscape/include/math -I/usr/matlab/v9.11/toolbox/simscape/include/lang -I/usr/matlab/v9.11/toolbox/simscape/include/external -I/usr/matlab/v9.11/toolbox/simscape/include/network_engine -I/usr/matlab/v9.11/toolbox/simscape/include/ne_sli -I/usr/matlab/v9.11/toolbox/dspblks/include -I/usr/matlab/v9.11/toolbox/simscape/include/compiler/core/c -I/usr/matlab/v9.11/toolbox/simscape/include/engine/sli/c -I/usr/matlab/v9.11/toolbox/simscape/include/engine/core/c -I/usr/matlab/v9.11/toolbox/simscape/include/utils -I/usr/matlab/v9.11/toolbox/simscape/include/pm_math -I/usr/opalrt/v2022.1.0.405/common/include -I/usr/opalrt/v2022.1.0.405/common/include_target -I/usr/opalrt/v2022.1.0.405/RT-LAB/include   -Ireferenced_model_includes -I_sharedutils  ssc_bridge_rectifier_1_sm_circuit_a2b15696_1_ds_obs_il.c
opicc -c  -O2 -xHost -falign-functions=2 -diag-disable remark,warn,cpu-dispatch    -DUSE_RTMODEL -DMODEL=ssc_bridge_rectifier_1_sm_circuit -DRT=RT -DNUMST=2 -DTID01EQ=1 -DNCSTATES=1 -DMT=0 -DTERMFCN=1 -DMULTITASKING=0 -D_SIMULINK -DRTLAB -DOP_MATLABR2021B	 -DMAT_FILE=1 -DCLASSIC_INTERFACE=1 -DONESTEPFCN=0 -DMULTI_INSTANCE_CODE=0 -DUNIX -I/usr/opalrt/externals/include   -I. -I/usr/matlab/v9.11/simulink/include -I/usr/matlab/v9.11/extern/include -I/usr/matlab/v9.11/rtw/c/src -I/usr/matlab/v9.11/rtw/c/src/matrixmath  -I/usr/matlab/v9.11/toolbox/simscape/include/drive -I/usr/matlab/v9.11/toolbox/simscape/include/mech -I/usr/matlab/v9.11/toolbox/simscape/include/foundation -I/usr/matlab/v9.11/toolbox/simscape/include/math -I/usr/matlab/v9.11/toolbox/simscape/include/lang -I/usr/matlab/v9.11/toolbox/simscape/include/external -I/usr/matlab/v9.11/toolbox/simscape/include/network_engine -I/usr/matlab/v9.11/toolbox/simscape/include/ne_sli -I/usr/matlab/v9.11/toolbox/dspblks/include -I/usr/matlab/v9.11/toolbox/simscape/include/compiler/core/c -I/usr/matlab/v9.11/toolbox/simscape/include/engine/sli/c -I/usr/matlab/v9.11/toolbox/simscape/include/engine/core/c -I/usr/matlab/v9.11/toolbox/simscape/include/utils -I/usr/matlab/v9.11/toolbox/simscape/include/pm_math -I/usr/opalrt/v2022.1.0.405/common/include -I/usr/opalrt/v2022.1.0.405/common/include_target -I/usr/opalrt/v2022.1.0.405/RT-LAB/include   -Ireferenced_model_includes -I_sharedutils  ssc_bridge_rectifier_1_sm_circuit_a2b15696_1_gateway.c
opicc -c  -O2 -xHost -falign-functions=2 -diag-disable remark,warn,cpu-dispatch    -DUSE_RTMODEL -DMODEL=ssc_bridge_rectifier_1_sm_circuit -DRT=RT -DNUMST=2 -DTID01EQ=1 -DNCSTATES=1 -DMT=0 -DTERMFCN=1 -DMULTITASKING=0 -D_SIMULINK -DRTLAB -DOP_MATLABR2021B	 -DMAT_FILE=1 -DCLASSIC_INTERFACE=1 -DONESTEPFCN=0 -DMULTI_INSTANCE_CODE=0 -DUNIX -I/usr/opalrt/externals/include   -I. -I/usr/matlab/v9.11/simulink/include -I/usr/matlab/v9.11/extern/include -I/usr/matlab/v9.11/rtw/c/src -I/usr/matlab/v9.11/rtw/c/src/matrixmath  -I/usr/matlab/v9.11/toolbox/simscape/include/drive -I/usr/matlab/v9.11/toolbox/simscape/include/mech -I/usr/matlab/v9.11/toolbox/simscape/include/foundation -I/usr/matlab/v9.11/toolbox/simscape/include/math -I/usr/matlab/v9.11/toolbox/simscape/include/lang -I/usr/matlab/v9.11/toolbox/simscape/include/external -I/usr/matlab/v9.11/toolbox/simscape/include/network_engine -I/usr/matlab/v9.11/toolbox/simscape/include/ne_sli -I/usr/matlab/v9.11/toolbox/dspblks/include -I/usr/matlab/v9.11/toolbox/simscape/include/compiler/core/c -I/usr/matlab/v9.11/toolbox/simscape/include/engine/sli/c -I/usr/matlab/v9.11/toolbox/simscape/include/engine/core/c -I/usr/matlab/v9.11/toolbox/simscape/include/utils -I/usr/matlab/v9.11/toolbox/simscape/include/pm_math -I/usr/opalrt/v2022.1.0.405/common/include -I/usr/opalrt/v2022.1.0.405/common/include_target -I/usr/opalrt/v2022.1.0.405/RT-LAB/include   -Ireferenced_model_includes -I_sharedutils  ssc_bridge_rectifier_1_sm_circuit_data.c
opicc -c  -O2 -xHost -falign-functions=2 -diag-disable remark,warn,cpu-dispatch    -DUSE_RTMODEL -DMODEL=ssc_bridge_rectifier_1_sm_circuit -DRT=RT -DNUMST=2 -DTID01EQ=1 -DNCSTATES=1 -DMT=0 -DTERMFCN=1 -DMULTITASKING=0 -D_SIMULINK -DRTLAB -DOP_MATLABR2021B	 -DMAT_FILE=1 -DCLASSIC_INTERFACE=1 -DONESTEPFCN=0 -DMULTI_INSTANCE_CODE=0 -DUNIX -I/usr/opalrt/externals/include   -I. -I/usr/matlab/v9.11/simulink/include -I/usr/matlab/v9.11/extern/include -I/usr/matlab/v9.11/rtw/c/src -I/usr/matlab/v9.11/rtw/c/src/matrixmath  -I/usr/matlab/v9.11/toolbox/simscape/include/drive -I/usr/matlab/v9.11/toolbox/simscape/include/mech -I/usr/matlab/v9.11/toolbox/simscape/include/foundation -I/usr/matlab/v9.11/toolbox/simscape/include/math -I/usr/matlab/v9.11/toolbox/simscape/include/lang -I/usr/matlab/v9.11/toolbox/simscape/include/external -I/usr/matlab/v9.11/toolbox/simscape/include/network_engine -I/usr/matlab/v9.11/toolbox/simscape/include/ne_sli -I/usr/matlab/v9.11/toolbox/dspblks/include -I/usr/matlab/v9.11/toolbox/simscape/include/compiler/core/c -I/usr/matlab/v9.11/toolbox/simscape/include/engine/sli/c -I/usr/matlab/v9.11/toolbox/simscape/include/engine/core/c -I/usr/matlab/v9.11/toolbox/simscape/include/utils -I/usr/matlab/v9.11/toolbox/simscape/include/pm_math -I/usr/opalrt/v2022.1.0.405/common/include -I/usr/opalrt/v2022.1.0.405/common/include_target -I/usr/opalrt/v2022.1.0.405/RT-LAB/include   -Ireferenced_model_includes -I_sharedutils  ssc_bridge_rectifier_1_sm_circuit_offsets.c
### Linking ...
opicpc  -Wl,-rpath='/usr/opalrt/v2022.1.0.405/common/bin' -Wl,'-rpath=/usr/opalrt/v2022.1.0.405/common/bin/x32' -Wl,-rpath='/opt/intel/composerxe/lib/ia32' -Wl,-rpath='/opt/intel/Compiler/11.1/072/lib/ia32' -Wl,-rpath='/opt/intel/Compiler/11.1/056/lib/ia32' -diag-disable remark -L. -L/usr/opalrt/v2022.1.0.405/RT-LAB/lib -L/usr/opalrt/v2022.1.0.405/common/lib -L/usr/opalrt/v2022.1.0.405/common/lib/redhawk -L/usr/opalrt/v2022.1.0.405/common/bin -L/usr/opalrt/v2022.1.0.405/common/bin/x32 -L/usr/opalrt/externals/lib    -o ssc_bridge_rectifier_1_sm_circuit model_main.o rtGetInf.o rtGetNaN.o rt_logging.o rt_nonfinite.o rt_printf.o rt_sim.o ssc_bridge_rectifier_1_sm_circuit.o ssc_bridge_rectifier_1_sm_circuit_a2b15696_1.o ssc_bridge_rectifier_1_sm_circuit_a2b15696_1_ds.o ssc_bridge_rectifier_1_sm_circuit_a2b15696_1_ds_dxf.o ssc_bridge_rectifier_1_sm_circuit_a2b15696_1_ds_f.o ssc_bridge_rectifier_1_sm_circuit_a2b15696_1_ds_log.o ssc_bridge_rectifier_1_sm_circuit_a2b15696_1_ds_obs_act.o ssc_bridge_rectifier_1_sm_circuit_a2b15696_1_ds_obs_all.o ssc_bridge_rectifier_1_sm_circuit_a2b15696_1_ds_obs_exp.o ssc_bridge_rectifier_1_sm_circuit_a2b15696_1_ds_obs_il.o ssc_bridge_rectifier_1_sm_circuit_a2b15696_1_gateway.o ssc_bridge_rectifier_1_sm_circuit_data.o ssc_bridge_rectifier_1_sm_circuit_offsets.o      -lOpalSimCore -lSimCoreLib -lSyncExchangerLib -lConnectionLib -lConnectionFactoryLib -lOpIRTS_RT-2021b -lOpalSfunR2021B -lOpalR2021B -lBlocksRT-2021b -ldspR2021B -lsimscapeR2021B -lSimulinkRT-2021b -lOpalRTER2021B -lOpalCore -lOpalCore -lLicenseLib -lSimulink -lSimulationUtilities -lInfrastructure  -lNetwork -lKLU -lNumeric -lFramework -lSystem -lMatio -luuid -lpthread -lOpalSimCore -lSimCoreLib -lSyncExchangerLib -lConnectionLib -lConnectionFactoryLib -lOpalHttpLicenseRequest -lRapidJSON_Wrapper -lOpalUtils -lpthread -lm -ldl -lutil -lrt      /usr/matlab/v9.11/rtw/c/libsrc/rtwlibr_redhawk.a 
chmod a+x ssc_bridge_rectifier_1_sm_circuit
### Created executable: ssc_bridge_rectifier_1_sm_circuit

ssc_bridge_rectifier_1_sm_circuit : Building subsystem duration : 00h:00m:03s

Building model total duration : 00h:00m:03s
-------------------- Completed successfully --------------------

-------------------- Transferring the built model --------------------
Connecting to 192.168.10.12 ... OK.
Transferring in binary mode /home/fritz-xps/c/users/fghow/opal-rt/rt-labv2022.1_workspace/dc_microgrid_6/models/ssc_bridge_rectifier/ssc_bridge_rectifier_rt_sm_circuit/ssc_bridge_rectifier_1_sm_circuit ... OK.
Transferring in ascii mode /home/fritz-xps/c/users/fghow/opal-rt/rt-labv2022.1_workspace/dc_microgrid_6/models/ssc_bridge_rectifier/compilation_target_report.xml ... OK.

File transfer duration : 00h:00m:02s
-------------------- Completed successfully --------------------

End at : Monday, January 09, 2023, 14:34:25

Compilation duration : 00h:01m:32s

Updating status for next build...OK
